2015-06-11 16:33:33> Program: Starting Squirrel Updater: h:/
2015-06-11 16:34:51> Program: Starting Squirrel Updater: --releasify C:\Users\markmont\ygor\desktop\tmp\Ygor.0.1.2.nupkg --releaseDir C:\Users\markmont\ygor\desktop\releases --loadingGif C:\Users\markmont\ygor\desktop\resources\windows\install-spinner.gif --setupIcon C:\Users\markmont\ygor\desktop\resources\windows\setup-icon.ico
2015-06-11 16:34:51> Program: Bootstrapper EXE found at:C:\Users\markmont\ygor\desktop\resources\windows\squirrel\Setup.exe
2015-06-11 16:34:51> Program: Creating release package: C:\Users\markmont\ygor\desktop\releases\Ygor.0.1.2.nupkg
2015-06-11 16:34:51> ReleasePackage: Creating release package: C:\Users\markmont\ygor\desktop\releases\Ygor.0.1.2.nupkg => C:\Users\markmont\ygor\desktop\releases\Ygor-0.1.2-full.nupkg
2015-06-11 16:34:53> ReleasePackage: Extracting dependent packages: []
2015-06-11 16:34:53> ReleasePackage: Removing unnecessary data
2015-06-11 16:34:54> ReleasePackage: No release notes found in C:\Users\markmont\AppData\Local\SquirrelTemp\tempa\Ygor.nuspec
2015-06-11 16:35:04> Program: Building embedded zip file for Setup.exe
2015-06-12 14:33:19> Program: Starting Squirrel Updater: --releasify C:\Users\markmont\ygor\desktop\tmp\Ygor.0.1.2.nupkg --releaseDir C:\Users\markmont\ygor\desktop\releases --loadingGif C:\Users\markmont\ygor\desktop\resources\windows\install-spinner.gif --setupIcon C:\Users\markmont\ygor\desktop\resources\windows\setup-icon.ico
2015-06-12 14:33:19> Program: Bootstrapper EXE found at:C:\Users\markmont\ygor\desktop\resources\windows\squirrel\Setup.exe
2015-06-12 14:33:19> Program: Creating release package: C:\Users\markmont\ygor\desktop\releases\Ygor.0.1.2.nupkg
2015-06-12 14:33:19> ReleasePackage: Creating release package: C:\Users\markmont\ygor\desktop\releases\Ygor.0.1.2.nupkg => C:\Users\markmont\ygor\desktop\releases\Ygor-0.1.2-full.nupkg
2015-06-12 14:33:22> ReleasePackage: Extracting dependent packages: []
2015-06-12 14:33:22> ReleasePackage: Removing unnecessary data
2015-06-12 14:33:22> ReleasePackage: No release notes found in C:\Users\markmont\AppData\Local\SquirrelTemp\tempa\Ygor.nuspec
2015-06-12 14:33:33> Program: Building embedded zip file for Setup.exe
2015-06-12 14:34:57> Program: Starting Squirrel Updater: --releasify C:\Users\markmont\ygor\desktop\tmp\Ygor.0.1.2.nupkg --releaseDir C:\Users\markmont\ygor\desktop\releases --loadingGif C:\Users\markmont\ygor\desktop\resources\windows\install-spinner.gif --setupIcon C:\Users\markmont\ygor\desktop\resources\windows\setup-icon.ico
2015-06-12 14:34:57> Program: Bootstrapper EXE found at:C:\Users\markmont\ygor\desktop\resources\windows\squirrel\Setup.exe
2015-06-12 14:34:57> Program: Creating release package: C:\Users\markmont\ygor\desktop\releases\Ygor.0.1.2.nupkg
2015-06-12 14:34:57> ReleasePackage: Creating release package: C:\Users\markmont\ygor\desktop\releases\Ygor.0.1.2.nupkg => C:\Users\markmont\ygor\desktop\releases\Ygor-0.1.2-full.nupkg
2015-06-12 14:35:00> ReleasePackage: Extracting dependent packages: []
2015-06-12 14:35:00> ReleasePackage: Removing unnecessary data
2015-06-12 14:35:00> ReleasePackage: No release notes found in C:\Users\markmont\AppData\Local\SquirrelTemp\tempa\Ygor.nuspec
2015-06-12 14:35:11> Program: Building embedded zip file for Setup.exe
2015-06-12 14:37:43> Program: Starting Squirrel Updater: --releasify C:\Users\markmont\ygor\desktop\tmp\Ygor.0.1.2.nupkg --releaseDir C:\Users\markmont\ygor\desktop\releases --loadingGif C:\Users\markmont\ygor\desktop\resources\windows\install-spinner.gif --setupIcon C:\Users\markmont\ygor\desktop\resources\windows\setup-icon.ico
2015-06-12 14:37:43> Program: Bootstrapper EXE found at:C:\Users\markmont\ygor\desktop\resources\windows\squirrel\Setup.exe
2015-06-12 14:37:43> Program: Creating release package: C:\Users\markmont\ygor\desktop\releases\Ygor.0.1.2.nupkg
2015-06-12 14:37:43> ReleasePackage: Creating release package: C:\Users\markmont\ygor\desktop\releases\Ygor.0.1.2.nupkg => C:\Users\markmont\ygor\desktop\releases\Ygor-0.1.2-full.nupkg
2015-06-12 14:37:45> ReleasePackage: Extracting dependent packages: []
2015-06-12 14:37:45> ReleasePackage: Removing unnecessary data
2015-06-12 14:37:45> ReleasePackage: No release notes found in C:\Users\markmont\AppData\Local\SquirrelTemp\tempa\Ygor.nuspec
2015-06-12 14:37:57> Program: Building embedded zip file for Setup.exe
2015-06-12 15:47:31> Program: Starting Squirrel Updater: --releasify C:\Users\markmont\ygor\desktop\tmp\Ygor.0.1.2.nupkg --releaseDir C:\Users\markmont\ygor\desktop\releases --loadingGif C:\Users\markmont\ygor\desktop\resources\windows\install-spinner.gif --setupIcon C:\Users\markmont\ygor\desktop\resources\windows\setup-icon.ico
2015-06-12 15:47:31> Program: Bootstrapper EXE found at:C:\Users\markmont\ygor\desktop\resources\windows\squirrel\Setup.exe
2015-06-12 15:47:31> Program: Creating release package: C:\Users\markmont\ygor\desktop\releases\Ygor.0.1.2.nupkg
2015-06-12 15:47:31> ReleasePackage: Creating release package: C:\Users\markmont\ygor\desktop\releases\Ygor.0.1.2.nupkg => C:\Users\markmont\ygor\desktop\releases\Ygor-0.1.2-full.nupkg
2015-06-12 15:47:33> ReleasePackage: Extracting dependent packages: []
2015-06-12 15:47:33> ReleasePackage: Removing unnecessary data
2015-06-12 15:47:33> ReleasePackage: No release notes found in C:\Users\markmont\AppData\Local\SquirrelTemp\tempa\Ygor.nuspec
2015-06-12 15:47:43> Program: Building embedded zip file for Setup.exe
2015-06-15 00:08:33> Program: Starting Squirrel Updater: --releasify C:\Users\markmont\ygor\desktop\tmp\Ygor.0.1.2.nupkg --releaseDir C:\Users\markmont\ygor\desktop\releases --loadingGif C:\Users\markmont\ygor\desktop\resources\windows\install-spinner.gif --setupIcon C:\Users\markmont\ygor\desktop\resources\windows\setup-icon.ico
2015-06-15 00:08:33> Program: Bootstrapper EXE found at:C:\Users\markmont\ygor\desktop\resources\windows\squirrel\Setup.exe
2015-06-15 00:08:33> Program: Creating release package: C:\Users\markmont\ygor\desktop\releases\Ygor.0.1.2.nupkg
2015-06-15 00:08:33> ReleasePackage: Creating release package: C:\Users\markmont\ygor\desktop\releases\Ygor.0.1.2.nupkg => C:\Users\markmont\ygor\desktop\releases\Ygor-0.1.2-full.nupkg
2015-06-15 00:08:36> ReleasePackage: Extracting dependent packages: []
2015-06-15 00:08:36> ReleasePackage: Removing unnecessary data
2015-06-15 00:08:36> ReleasePackage: No release notes found in C:\Users\markmont\AppData\Local\SquirrelTemp\tempa\Ygor.nuspec
2015-06-15 00:08:46> Program: Building embedded zip file for Setup.exe
2015-06-15 00:21:05> Program: Starting Squirrel Updater: --releasify C:\Users\markmont\ygor\desktop\tmp\Ygor.0.1.2.nupkg --releaseDir C:\Users\markmont\ygor\desktop\releases --loadingGif C:\Users\markmont\ygor\desktop\resources\windows\install-spinner.gif --setupIcon C:\Users\markmont\ygor\desktop\resources\windows\setup-icon.ico
2015-06-15 00:21:05> Program: Bootstrapper EXE found at:C:\Users\markmont\ygor\desktop\resources\windows\squirrel\Setup.exe
2015-06-15 00:21:05> Program: Creating release package: C:\Users\markmont\ygor\desktop\releases\Ygor.0.1.2.nupkg
2015-06-15 00:21:05> ReleasePackage: Creating release package: C:\Users\markmont\ygor\desktop\releases\Ygor.0.1.2.nupkg => C:\Users\markmont\ygor\desktop\releases\Ygor-0.1.2-full.nupkg
2015-06-15 00:21:07> ReleasePackage: Extracting dependent packages: []
2015-06-15 00:21:07> ReleasePackage: Removing unnecessary data
2015-06-15 00:21:07> ReleasePackage: No release notes found in C:\Users\markmont\AppData\Local\SquirrelTemp\tempa\Ygor.nuspec
2015-06-15 00:21:16> Program: Building embedded zip file for Setup.exe
2015-06-15 00:39:55> Program: Starting Squirrel Updater: --releasify C:\Users\markmont\Ygor\desktop\tmp\Ygor.0.1.2.nupkg --releaseDir C:\Users\markmont\Ygor\desktop\releases --loadingGif C:\Users\markmont\Ygor\desktop\resources\windows\install-spinner.gif --setupIcon C:\Users\markmont\Ygor\desktop\resources\windows\setup-icon.ico
2015-06-15 00:39:55> Program: Bootstrapper EXE found at:C:\Users\markmont\Ygor\desktop\resources\windows\squirrel\Setup.exe
2015-06-15 00:39:55> Program: Creating release package: C:\Users\markmont\Ygor\desktop\releases\Ygor.0.1.2.nupkg
2015-06-15 00:39:55> ReleasePackage: Creating release package: C:\Users\markmont\Ygor\desktop\releases\Ygor.0.1.2.nupkg => C:\Users\markmont\Ygor\desktop\releases\Ygor-0.1.2-full.nupkg
2015-06-15 00:39:57> ReleasePackage: Extracting dependent packages: []
2015-06-15 00:39:57> ReleasePackage: Removing unnecessary data
2015-06-15 00:39:57> ReleasePackage: No release notes found in C:\Users\markmont\AppData\Local\SquirrelTemp\tempa\Ygor.nuspec
2015-06-15 00:40:07> Program: Building embedded zip file for Setup.exe
2015-06-15 08:59:35> Program: Starting Squirrel Updater: --releasify C:\Users\markmont\ygor\desktop\tmp\Ygor.0.1.2.nupkg --releaseDir C:\Users\markmont\ygor\desktop\releases --loadingGif C:\Users\markmont\ygor\desktop\resources\windows\install-spinner.gif --setupIcon C:\Users\markmont\ygor\desktop\resources\windows\setup-icon.ico
2015-06-15 08:59:35> Program: Bootstrapper EXE found at:C:\Users\markmont\ygor\desktop\resources\windows\squirrel\Setup.exe
2015-06-15 08:59:35> Program: Creating release package: C:\Users\markmont\ygor\desktop\releases\Ygor.0.1.2.nupkg
2015-06-15 08:59:35> ReleasePackage: Creating release package: C:\Users\markmont\ygor\desktop\releases\Ygor.0.1.2.nupkg => C:\Users\markmont\ygor\desktop\releases\Ygor-0.1.2-full.nupkg
2015-06-15 08:59:38> ReleasePackage: Extracting dependent packages: []
2015-06-15 08:59:38> ReleasePackage: Removing unnecessary data
2015-06-15 08:59:38> ReleasePackage: No release notes found in C:\Users\markmont\AppData\Local\SquirrelTemp\tempa\Ygor.nuspec
2015-06-15 08:59:48> Program: Building embedded zip file for Setup.exe
2015-06-15 09:54:27> Program: Starting Squirrel Updater: --releasify C:\Users\markmont\ygor\desktop\tmp\Ygor.0.1.2.nupkg --releaseDir C:\Users\markmont\ygor\desktop\releases --loadingGif C:\Users\markmont\ygor\desktop\resources\windows\install-spinner.gif --setupIcon C:\Users\markmont\ygor\desktop\resources\windows\setup-icon.ico
2015-06-15 09:54:27> Program: Bootstrapper EXE found at:C:\Users\markmont\ygor\desktop\resources\windows\squirrel\Setup.exe
2015-06-15 09:54:27> Program: Creating release package: C:\Users\markmont\ygor\desktop\releases\Ygor.0.1.2.nupkg
2015-06-15 09:54:27> ReleasePackage: Creating release package: C:\Users\markmont\ygor\desktop\releases\Ygor.0.1.2.nupkg => C:\Users\markmont\ygor\desktop\releases\Ygor-0.1.2-full.nupkg
2015-06-15 09:54:30> ReleasePackage: Extracting dependent packages: []
2015-06-15 09:54:30> ReleasePackage: Removing unnecessary data
2015-06-15 09:54:30> ReleasePackage: No release notes found in C:\Users\markmont\AppData\Local\SquirrelTemp\tempa\Ygor.nuspec
2015-06-15 09:54:39> Program: Building embedded zip file for Setup.exe
2015-06-15 10:03:20> Program: Starting Squirrel Updater: --releasify C:\Users\markmont\ygor\desktop\tmp\Ygor.0.1.2.nupkg --releaseDir C:\Users\markmont\ygor\desktop\releases --loadingGif C:\Users\markmont\ygor\desktop\resources\windows\install-spinner.gif --setupIcon C:\Users\markmont\ygor\desktop\resources\windows\setup-icon.ico
2015-06-15 10:03:20> Program: Bootstrapper EXE found at:C:\Users\markmont\ygor\desktop\resources\windows\squirrel\Setup.exe
2015-06-15 10:03:20> Program: Creating release package: C:\Users\markmont\ygor\desktop\releases\Ygor.0.1.2.nupkg
2015-06-15 10:03:20> ReleasePackage: Creating release package: C:\Users\markmont\ygor\desktop\releases\Ygor.0.1.2.nupkg => C:\Users\markmont\ygor\desktop\releases\Ygor-0.1.2-full.nupkg
2015-06-15 10:03:22> ReleasePackage: Extracting dependent packages: []
2015-06-15 10:03:22> ReleasePackage: Removing unnecessary data
2015-06-15 10:03:22> ReleasePackage: No release notes found in C:\Users\markmont\AppData\Local\SquirrelTemp\tempa\Ygor.nuspec
2015-06-15 10:03:32> Program: Building embedded zip file for Setup.exe
2015-06-15 10:07:05> Program: Starting Squirrel Updater: --releasify C:\Users\markmont\ygor\desktop\tmp\Ygor.0.1.2.nupkg --releaseDir C:\Users\markmont\ygor\desktop\releases --loadingGif C:\Users\markmont\ygor\desktop\resources\windows\install-spinner.gif --setupIcon C:\Users\markmont\ygor\desktop\resources\windows\setup-icon.ico
2015-06-15 10:07:05> Program: Bootstrapper EXE found at:C:\Users\markmont\ygor\desktop\resources\windows\squirrel\Setup.exe
2015-06-15 10:07:05> Program: Creating release package: C:\Users\markmont\ygor\desktop\releases\Ygor.0.1.2.nupkg
2015-06-15 10:07:05> ReleasePackage: Creating release package: C:\Users\markmont\ygor\desktop\releases\Ygor.0.1.2.nupkg => C:\Users\markmont\ygor\desktop\releases\Ygor-0.1.2-full.nupkg
2015-06-15 10:07:07> ReleasePackage: Extracting dependent packages: []
2015-06-15 10:07:07> ReleasePackage: Removing unnecessary data
2015-06-15 10:07:07> ReleasePackage: No release notes found in C:\Users\markmont\AppData\Local\SquirrelTemp\tempa\Ygor.nuspec
2015-06-15 10:07:17> Program: Building embedded zip file for Setup.exe
2015-06-15 10:11:51> Program: Starting Squirrel Updater: --releasify C:\Users\markmont\ygor\desktop\tmp\Ygor.0.1.2.nupkg --releaseDir C:\Users\markmont\ygor\desktop\releases --loadingGif C:\Users\markmont\ygor\desktop\resources\windows\install-spinner.gif --setupIcon C:\Users\markmont\ygor\desktop\resources\windows\setup-icon.ico
2015-06-15 10:11:51> Program: Bootstrapper EXE found at:C:\Users\markmont\ygor\desktop\resources\windows\squirrel\Setup.exe
2015-06-15 10:11:51> Program: Creating release package: C:\Users\markmont\ygor\desktop\releases\Ygor.0.1.2.nupkg
2015-06-15 10:11:51> ReleasePackage: Creating release package: C:\Users\markmont\ygor\desktop\releases\Ygor.0.1.2.nupkg => C:\Users\markmont\ygor\desktop\releases\Ygor-0.1.2-full.nupkg
2015-06-15 10:11:53> ReleasePackage: Extracting dependent packages: []
2015-06-15 10:11:53> ReleasePackage: Removing unnecessary data
2015-06-15 10:11:54> ReleasePackage: No release notes found in C:\Users\markmont\AppData\Local\SquirrelTemp\tempa\Ygor.nuspec
2015-06-15 10:12:03> Program: Building embedded zip file for Setup.exe
2015-06-15 10:18:16> Program: Starting Squirrel Updater: --releasify C:\Users\markmont\ygor\desktop\tmp\Ygor.0.1.2.nupkg --releaseDir C:\Users\markmont\ygor\desktop\releases --loadingGif C:\Users\markmont\ygor\desktop\resources\windows\install-spinner.gif --setupIcon C:\Users\markmont\ygor\desktop\resources\windows\setup-icon.ico
2015-06-15 10:18:16> Program: Bootstrapper EXE found at:C:\Users\markmont\ygor\desktop\resources\windows\squirrel\Setup.exe
2015-06-15 10:18:16> Program: Creating release package: C:\Users\markmont\ygor\desktop\releases\Ygor.0.1.2.nupkg
2015-06-15 10:18:16> ReleasePackage: Creating release package: C:\Users\markmont\ygor\desktop\releases\Ygor.0.1.2.nupkg => C:\Users\markmont\ygor\desktop\releases\Ygor-0.1.2-full.nupkg
2015-06-15 10:18:19> ReleasePackage: Extracting dependent packages: []
2015-06-15 10:18:19> ReleasePackage: Removing unnecessary data
2015-06-15 10:18:19> ReleasePackage: No release notes found in C:\Users\markmont\AppData\Local\SquirrelTemp\tempa\Ygor.nuspec
2015-06-15 10:18:28> Program: Building embedded zip file for Setup.exe
2015-06-15 11:07:10> Program: Starting Squirrel Updater: --releasify C:\Users\markmont\ygor\desktop\tmp\Ygor.0.1.2.nupkg --releaseDir C:\Users\markmont\ygor\desktop\releases --loadingGif C:\Users\markmont\ygor\desktop\resources\windows\install-spinner.gif --setupIcon C:\Users\markmont\ygor\desktop\resources\windows\setup-icon.ico
2015-06-15 11:07:10> Program: Bootstrapper EXE found at:C:\Users\markmont\ygor\desktop\resources\windows\squirrel\Setup.exe
2015-06-15 11:07:10> Program: Creating release package: C:\Users\markmont\ygor\desktop\releases\Ygor.0.1.2.nupkg
2015-06-15 11:07:10> ReleasePackage: Creating release package: C:\Users\markmont\ygor\desktop\releases\Ygor.0.1.2.nupkg => C:\Users\markmont\ygor\desktop\releases\Ygor-0.1.2-full.nupkg
2015-06-15 11:07:13> ReleasePackage: Extracting dependent packages: []
2015-06-15 11:07:13> ReleasePackage: Removing unnecessary data
2015-06-15 11:07:13> ReleasePackage: No release notes found in C:\Users\markmont\AppData\Local\SquirrelTemp\tempa\Ygor.nuspec
2015-06-15 11:07:25> Program: Building embedded zip file for Setup.exe
2015-06-15 11:25:02> Program: Starting Squirrel Updater: --releasify C:\Users\markmont\ygor\desktop\tmp\Ygor.0.1.2.nupkg --releaseDir C:\Users\markmont\ygor\desktop\releases --loadingGif C:\Users\markmont\ygor\desktop\resources\windows\install-spinner.gif --setupIcon C:\Users\markmont\ygor\desktop\resources\windows\setup-icon.ico
2015-06-15 11:25:02> Program: Bootstrapper EXE found at:C:\Users\markmont\ygor\desktop\resources\windows\squirrel\Setup.exe
2015-06-15 11:25:02> Program: Creating release package: C:\Users\markmont\ygor\desktop\releases\Ygor.0.1.2.nupkg
2015-06-15 11:25:02> ReleasePackage: Creating release package: C:\Users\markmont\ygor\desktop\releases\Ygor.0.1.2.nupkg => C:\Users\markmont\ygor\desktop\releases\Ygor-0.1.2-full.nupkg
2015-06-15 11:25:04> ReleasePackage: Extracting dependent packages: []
2015-06-15 11:25:04> ReleasePackage: Removing unnecessary data
2015-06-15 11:25:04> ReleasePackage: No release notes found in C:\Users\markmont\AppData\Local\SquirrelTemp\tempa\Ygor.nuspec
2015-06-15 11:25:14> Program: Building embedded zip file for Setup.exe
2015-06-15 12:58:49> Program: Starting Squirrel Updater: --releasify C:\Users\markmont\ygor\desktop\tmp\Ygor.0.1.2.nupkg --releaseDir C:\Users\markmont\ygor\desktop\releases --loadingGif C:\Users\markmont\ygor\desktop\resources\windows\install-spinner.gif --setupIcon C:\Users\markmont\ygor\desktop\resources\windows\setup-icon.ico
2015-06-15 12:58:49> Program: Bootstrapper EXE found at:C:\Users\markmont\ygor\desktop\resources\windows\squirrel\Setup.exe
2015-06-15 12:58:49> Program: Creating release package: C:\Users\markmont\ygor\desktop\releases\Ygor.0.1.2.nupkg
2015-06-15 12:58:49> ReleasePackage: Creating release package: C:\Users\markmont\ygor\desktop\releases\Ygor.0.1.2.nupkg => C:\Users\markmont\ygor\desktop\releases\Ygor-0.1.2-full.nupkg
2015-06-15 12:58:51> ReleasePackage: Extracting dependent packages: []
2015-06-15 12:58:51> ReleasePackage: Removing unnecessary data
2015-06-15 12:58:51> ReleasePackage: No release notes found in C:\Users\markmont\AppData\Local\SquirrelTemp\tempa\Ygor.nuspec
2015-06-15 12:59:01> Program: Building embedded zip file for Setup.exe
2015-06-15 13:01:21> Program: Starting Squirrel Updater: --releasify C:\Users\markmont\ygor\desktop\tmp\Ygor.0.1.2.nupkg --releaseDir C:\Users\markmont\ygor\desktop\releases --loadingGif C:\Users\markmont\ygor\desktop\resources\windows\install-spinner.gif --setupIcon C:\Users\markmont\ygor\desktop\resources\windows\setup-icon.ico
2015-06-15 13:01:21> Program: Bootstrapper EXE found at:C:\Users\markmont\ygor\desktop\resources\windows\squirrel\Setup.exe
2015-06-15 13:01:21> Program: Creating release package: C:\Users\markmont\ygor\desktop\releases\Ygor.0.1.2.nupkg
2015-06-15 13:01:21> ReleasePackage: Creating release package: C:\Users\markmont\ygor\desktop\releases\Ygor.0.1.2.nupkg => C:\Users\markmont\ygor\desktop\releases\Ygor-0.1.2-full.nupkg
2015-06-15 13:01:23> ReleasePackage: Extracting dependent packages: []
2015-06-15 13:01:23> ReleasePackage: Removing unnecessary data
2015-06-15 13:01:23> ReleasePackage: No release notes found in C:\Users\markmont\AppData\Local\SquirrelTemp\tempa\Ygor.nuspec
2015-06-15 13:01:33> Program: Building embedded zip file for Setup.exe
2015-06-15 13:04:19> Program: Starting Squirrel Updater: --releasify C:\Users\markmont\ygor\desktop\tmp\Ygor.0.1.2.nupkg --releaseDir C:\Users\markmont\ygor\desktop\releases --loadingGif C:\Users\markmont\ygor\desktop\resources\windows\install-spinner.gif --setupIcon C:\Users\markmont\ygor\desktop\resources\windows\setup-icon.ico
2015-06-15 13:04:19> Program: Bootstrapper EXE found at:C:\Users\markmont\ygor\desktop\resources\windows\squirrel\Setup.exe
2015-06-15 13:04:19> Program: Creating release package: C:\Users\markmont\ygor\desktop\releases\Ygor.0.1.2.nupkg
2015-06-15 13:04:19> ReleasePackage: Creating release package: C:\Users\markmont\ygor\desktop\releases\Ygor.0.1.2.nupkg => C:\Users\markmont\ygor\desktop\releases\Ygor-0.1.2-full.nupkg
2015-06-15 13:04:21> ReleasePackage: Extracting dependent packages: []
2015-06-15 13:04:21> ReleasePackage: Removing unnecessary data
2015-06-15 13:04:21> ReleasePackage: No release notes found in C:\Users\markmont\AppData\Local\SquirrelTemp\tempa\Ygor.nuspec
2015-06-15 13:04:32> Program: Building embedded zip file for Setup.exe
2015-06-15 13:08:14> Program: Starting Squirrel Updater: --releasify C:\Users\markmont\ygor\desktop\tmp\Ygor.0.1.2.nupkg --releaseDir C:\Users\markmont\ygor\desktop\releases --loadingGif C:\Users\markmont\ygor\desktop\resources\windows\install-spinner.gif --setupIcon C:\Users\markmont\ygor\desktop\resources\windows\setup-icon.ico
2015-06-15 13:08:14> Program: Bootstrapper EXE found at:C:\Users\markmont\ygor\desktop\resources\windows\squirrel\Setup.exe
2015-06-15 13:08:14> Program: Creating release package: C:\Users\markmont\ygor\desktop\releases\Ygor.0.1.2.nupkg
2015-06-15 13:08:14> ReleasePackage: Creating release package: C:\Users\markmont\ygor\desktop\releases\Ygor.0.1.2.nupkg => C:\Users\markmont\ygor\desktop\releases\Ygor-0.1.2-full.nupkg
2015-06-15 13:08:17> ReleasePackage: Extracting dependent packages: []
2015-06-15 13:08:17> ReleasePackage: Removing unnecessary data
2015-06-15 13:08:17> ReleasePackage: No release notes found in C:\Users\markmont\AppData\Local\SquirrelTemp\tempa\Ygor.nuspec
2015-06-15 13:08:27> Program: Building embedded zip file for Setup.exe
2015-06-15 14:15:05> Program: Starting Squirrel Updater: --releasify C:\Users\markmont\ygor\desktop\tmp\Ygor.0.1.2.nupkg --releaseDir C:\Users\markmont\ygor\desktop\releases --loadingGif C:\Users\markmont\ygor\desktop\resources\windows\install-spinner.gif --setupIcon C:\Users\markmont\ygor\desktop\resources\windows\setup-icon.ico
2015-06-15 14:15:05> Program: Bootstrapper EXE found at:C:\Users\markmont\ygor\desktop\resources\windows\squirrel\Setup.exe
2015-06-15 14:15:05> Program: Creating release package: C:\Users\markmont\ygor\desktop\releases\Ygor.0.1.2.nupkg
2015-06-15 14:15:05> ReleasePackage: Creating release package: C:\Users\markmont\ygor\desktop\releases\Ygor.0.1.2.nupkg => C:\Users\markmont\ygor\desktop\releases\Ygor-0.1.2-full.nupkg
2015-06-15 14:15:07> ReleasePackage: Extracting dependent packages: []
2015-06-15 14:15:07> ReleasePackage: Removing unnecessary data
2015-06-15 14:15:07> ReleasePackage: No release notes found in C:\Users\markmont\AppData\Local\SquirrelTemp\tempa\Ygor.nuspec
2015-06-15 14:15:17> Program: Building embedded zip file for Setup.exe
2015-06-15 14:54:43> Program: Starting Squirrel Updater: --releasify C:\Users\markmont\ygor\desktop\tmp\Ygor.0.1.2.nupkg --releaseDir C:\Users\markmont\ygor\desktop\releases --loadingGif C:\Users\markmont\ygor\desktop\resources\windows\install-spinner.gif --setupIcon C:\Users\markmont\ygor\desktop\resources\windows\setup-icon.ico
2015-06-15 14:54:43> Program: Bootstrapper EXE found at:C:\Users\markmont\ygor\desktop\resources\windows\squirrel\Setup.exe
2015-06-15 14:54:43> Program: Creating release package: C:\Users\markmont\ygor\desktop\releases\Ygor.0.1.2.nupkg
2015-06-15 14:54:43> ReleasePackage: Creating release package: C:\Users\markmont\ygor\desktop\releases\Ygor.0.1.2.nupkg => C:\Users\markmont\ygor\desktop\releases\Ygor-0.1.2-full.nupkg
2015-06-15 14:54:45> ReleasePackage: Extracting dependent packages: []
2015-06-15 14:54:45> ReleasePackage: Removing unnecessary data
2015-06-15 14:54:45> ReleasePackage: No release notes found in C:\Users\markmont\AppData\Local\SquirrelTemp\tempa\Ygor.nuspec
2015-06-15 14:54:55> Program: Building embedded zip file for Setup.exe
2015-06-15 14:57:31> Program: Starting Squirrel Updater: --releasify C:\Users\markmont\ygor\desktop\tmp\Ygor.0.1.2.nupkg --releaseDir C:\Users\markmont\ygor\desktop\releases --loadingGif C:\Users\markmont\ygor\desktop\resources\windows\install-spinner.gif --setupIcon C:\Users\markmont\ygor\desktop\resources\windows\setup-icon.ico
2015-06-15 14:57:31> Program: Bootstrapper EXE found at:C:\Users\markmont\ygor\desktop\resources\windows\squirrel\Setup.exe
2015-06-15 14:57:31> Program: Creating release package: C:\Users\markmont\ygor\desktop\releases\Ygor.0.1.2.nupkg
2015-06-15 14:57:32> ReleasePackage: Creating release package: C:\Users\markmont\ygor\desktop\releases\Ygor.0.1.2.nupkg => C:\Users\markmont\ygor\desktop\releases\Ygor-0.1.2-full.nupkg
2015-06-15 14:57:34> ReleasePackage: Extracting dependent packages: []
2015-06-15 14:57:34> ReleasePackage: Removing unnecessary data
2015-06-15 14:57:34> ReleasePackage: No release notes found in C:\Users\markmont\AppData\Local\SquirrelTemp\tempa\Ygor.nuspec
2015-06-15 14:57:43> Program: Building embedded zip file for Setup.exe
2015-06-15 15:00:14> Program: Starting Squirrel Updater: --releasify C:\Users\markmont\ygor\desktop\tmp\Ygor.0.1.2.nupkg --releaseDir C:\Users\markmont\ygor\desktop\releases --loadingGif C:\Users\markmont\ygor\desktop\resources\windows\install-spinner.gif --setupIcon C:\Users\markmont\ygor\desktop\resources\windows\setup-icon.ico
2015-06-15 15:00:14> Program: Bootstrapper EXE found at:C:\Users\markmont\ygor\desktop\resources\windows\squirrel\Setup.exe
2015-06-15 15:00:14> Program: Creating release package: C:\Users\markmont\ygor\desktop\releases\Ygor.0.1.2.nupkg
2015-06-15 15:00:14> ReleasePackage: Creating release package: C:\Users\markmont\ygor\desktop\releases\Ygor.0.1.2.nupkg => C:\Users\markmont\ygor\desktop\releases\Ygor-0.1.2-full.nupkg
2015-06-15 15:00:16> ReleasePackage: Extracting dependent packages: []
2015-06-15 15:00:16> ReleasePackage: Removing unnecessary data
2015-06-15 15:00:16> ReleasePackage: No release notes found in C:\Users\markmont\AppData\Local\SquirrelTemp\tempa\Ygor.nuspec
2015-06-15 15:00:25> Program: Building embedded zip file for Setup.exe
2015-06-15 15:14:21> Program: Starting Squirrel Updater: --releasify C:\Users\markmont\ygor\desktop\tmp\Ygor.0.1.2.nupkg --releaseDir C:\Users\markmont\ygor\desktop\releases --loadingGif C:\Users\markmont\ygor\desktop\resources\windows\install-spinner.gif --setupIcon C:\Users\markmont\ygor\desktop\resources\windows\setup-icon.ico
2015-06-15 15:14:21> Program: Bootstrapper EXE found at:C:\Users\markmont\ygor\desktop\resources\windows\squirrel\Setup.exe
2015-06-15 15:14:21> Program: Creating release package: C:\Users\markmont\ygor\desktop\releases\Ygor.0.1.2.nupkg
2015-06-15 15:14:21> ReleasePackage: Creating release package: C:\Users\markmont\ygor\desktop\releases\Ygor.0.1.2.nupkg => C:\Users\markmont\ygor\desktop\releases\Ygor-0.1.2-full.nupkg
2015-06-15 15:14:23> ReleasePackage: Extracting dependent packages: []
2015-06-15 15:14:23> ReleasePackage: Removing unnecessary data
2015-06-15 15:14:23> ReleasePackage: No release notes found in C:\Users\markmont\AppData\Local\SquirrelTemp\tempa\Ygor.nuspec
2015-06-15 15:14:32> Program: Building embedded zip file for Setup.exe
2015-06-15 15:39:58> Program: Starting Squirrel Updater: --releasify C:\Users\markmont\ygor\desktop\tmp\Ygor.0.1.2.nupkg --releaseDir C:\Users\markmont\ygor\desktop\releases --loadingGif C:\Users\markmont\ygor\desktop\resources\windows\install-spinner.gif --setupIcon C:\Users\markmont\ygor\desktop\resources\windows\setup-icon.ico
2015-06-15 15:39:58> Program: Bootstrapper EXE found at:C:\Users\markmont\ygor\desktop\resources\windows\squirrel\Setup.exe
2015-06-15 15:39:58> Program: Creating release package: C:\Users\markmont\ygor\desktop\releases\Ygor.0.1.2.nupkg
2015-06-15 15:39:58> ReleasePackage: Creating release package: C:\Users\markmont\ygor\desktop\releases\Ygor.0.1.2.nupkg => C:\Users\markmont\ygor\desktop\releases\Ygor-0.1.2-full.nupkg
2015-06-15 15:40:00> ReleasePackage: Extracting dependent packages: []
2015-06-15 15:40:00> ReleasePackage: Removing unnecessary data
2015-06-15 15:40:00> ReleasePackage: No release notes found in C:\Users\markmont\AppData\Local\SquirrelTemp\tempa\Ygor.nuspec
2015-06-15 15:40:10> Program: Building embedded zip file for Setup.exe
2015-06-15 15:51:37> Program: Starting Squirrel Updater: --releasify C:\Users\markmont\ygor\desktop\tmp\Ygor.0.1.2.nupkg --releaseDir C:\Users\markmont\ygor\desktop\releases --loadingGif C:\Users\markmont\ygor\desktop\resources\windows\install-spinner.gif --setupIcon C:\Users\markmont\ygor\desktop\resources\windows\setup-icon.ico
2015-06-15 15:51:37> Program: Bootstrapper EXE found at:C:\Users\markmont\ygor\desktop\resources\windows\squirrel\Setup.exe
2015-06-15 15:51:37> Program: Creating release package: C:\Users\markmont\ygor\desktop\releases\Ygor.0.1.2.nupkg
2015-06-15 15:51:37> ReleasePackage: Creating release package: C:\Users\markmont\ygor\desktop\releases\Ygor.0.1.2.nupkg => C:\Users\markmont\ygor\desktop\releases\Ygor-0.1.2-full.nupkg
2015-06-15 15:51:39> ReleasePackage: Extracting dependent packages: []
2015-06-15 15:51:39> ReleasePackage: Removing unnecessary data
2015-06-15 15:51:39> ReleasePackage: No release notes found in C:\Users\markmont\AppData\Local\SquirrelTemp\tempa\Ygor.nuspec
2015-06-15 15:51:48> Program: Building embedded zip file for Setup.exe
2015-06-17 10:29:14> Program: Starting Squirrel Updater: --releasify C:\Users\markmont\ygor\desktop\tmp\Ygor.0.1.2.nupkg --releaseDir C:\Users\markmont\ygor\desktop\releases --loadingGif C:\Users\markmont\ygor\desktop\resources\windows\install-spinner.gif --setupIcon C:\Users\markmont\ygor\desktop\resources\windows\setup-icon.ico
2015-06-17 10:29:14> Program: Bootstrapper EXE found at:C:\Users\markmont\ygor\desktop\resources\windows\squirrel\Setup.exe
2015-06-17 10:29:14> Program: Creating release package: C:\Users\markmont\ygor\desktop\releases\Ygor.0.1.2.nupkg
2015-06-17 10:29:15> ReleasePackage: Creating release package: C:\Users\markmont\ygor\desktop\releases\Ygor.0.1.2.nupkg => C:\Users\markmont\ygor\desktop\releases\Ygor-0.1.2-full.nupkg
2015-06-17 10:29:17> ReleasePackage: Extracting dependent packages: []
2015-06-17 10:29:17> ReleasePackage: Removing unnecessary data
2015-06-17 10:29:17> ReleasePackage: No release notes found in C:\Users\markmont\AppData\Local\SquirrelTemp\tempa\Ygor.nuspec
2015-06-17 10:29:26> Program: Building embedded zip file for Setup.exe
2015-06-17 11:01:20> Program: Starting Squirrel Updater: --releasify C:\Users\markmont\ygor\desktop\tmp\Ygor.0.1.2.nupkg --releaseDir C:\Users\markmont\ygor\desktop\releases --loadingGif C:\Users\markmont\ygor\desktop\resources\windows\install-spinner.gif --setupIcon C:\Users\markmont\ygor\desktop\resources\windows\setup-icon.ico
2015-06-17 11:01:20> Program: Bootstrapper EXE found at:C:\Users\markmont\ygor\desktop\resources\windows\squirrel\Setup.exe
2015-06-17 11:01:20> Program: Creating release package: C:\Users\markmont\ygor\desktop\releases\Ygor.0.1.2.nupkg
2015-06-17 11:01:20> ReleasePackage: Creating release package: C:\Users\markmont\ygor\desktop\releases\Ygor.0.1.2.nupkg => C:\Users\markmont\ygor\desktop\releases\Ygor-0.1.2-full.nupkg
2015-06-17 11:01:22> ReleasePackage: Extracting dependent packages: []
2015-06-17 11:01:22> ReleasePackage: Removing unnecessary data
2015-06-17 11:01:22> ReleasePackage: No release notes found in C:\Users\markmont\AppData\Local\SquirrelTemp\tempa\Ygor.nuspec
2015-06-17 11:01:32> Program: Building embedded zip file for Setup.exe
2015-06-17 11:13:21> Program: Starting Squirrel Updater: --releasify C:\Users\markmont\ygor\desktop\tmp\Ygor.0.1.2.nupkg --releaseDir C:\Users\markmont\ygor\desktop\releases --loadingGif C:\Users\markmont\ygor\desktop\resources\windows\install-spinner.gif --setupIcon C:\Users\markmont\ygor\desktop\resources\windows\setup-icon.ico
2015-06-17 11:13:21> Program: Bootstrapper EXE found at:C:\Users\markmont\ygor\desktop\resources\windows\squirrel\Setup.exe
2015-06-17 11:13:21> Program: Creating release package: C:\Users\markmont\ygor\desktop\releases\Ygor.0.1.2.nupkg
2015-06-17 11:13:21> ReleasePackage: Creating release package: C:\Users\markmont\ygor\desktop\releases\Ygor.0.1.2.nupkg => C:\Users\markmont\ygor\desktop\releases\Ygor-0.1.2-full.nupkg
2015-06-17 11:13:23> ReleasePackage: Extracting dependent packages: []
2015-06-17 11:13:23> ReleasePackage: Removing unnecessary data
2015-06-17 11:13:23> ReleasePackage: No release notes found in C:\Users\markmont\AppData\Local\SquirrelTemp\tempa\Ygor.nuspec
2015-06-17 11:13:32> Program: Building embedded zip file for Setup.exe
2015-06-17 11:26:02> Program: Starting Squirrel Updater: --releasify C:\Users\markmont\ygor\desktop\tmp\Ygor.0.1.2.nupkg --releaseDir C:\Users\markmont\ygor\desktop\releases --loadingGif C:\Users\markmont\ygor\desktop\resources\windows\install-spinner.gif --setupIcon C:\Users\markmont\ygor\desktop\resources\windows\setup-icon.ico
2015-06-17 11:26:02> Program: Bootstrapper EXE found at:C:\Users\markmont\ygor\desktop\resources\windows\squirrel\Setup.exe
2015-06-17 11:26:02> Program: Creating release package: C:\Users\markmont\ygor\desktop\releases\Ygor.0.1.2.nupkg
2015-06-17 11:26:02> ReleasePackage: Creating release package: C:\Users\markmont\ygor\desktop\releases\Ygor.0.1.2.nupkg => C:\Users\markmont\ygor\desktop\releases\Ygor-0.1.2-full.nupkg
2015-06-17 11:26:04> ReleasePackage: Extracting dependent packages: []
2015-06-17 11:26:04> ReleasePackage: Removing unnecessary data
2015-06-17 11:26:04> ReleasePackage: No release notes found in C:\Users\markmont\AppData\Local\SquirrelTemp\tempa\Ygor.nuspec
2015-06-17 11:26:13> Program: Building embedded zip file for Setup.exe
2015-06-17 11:32:21> Program: Starting Squirrel Updater: --releasify C:\Users\markmont\ygor\desktop\tmp\Ygor.0.1.2.nupkg --releaseDir C:\Users\markmont\ygor\desktop\releases --loadingGif C:\Users\markmont\ygor\desktop\resources\windows\install-spinner.gif --setupIcon C:\Users\markmont\ygor\desktop\resources\windows\setup-icon.ico
2015-06-17 11:32:21> Program: Bootstrapper EXE found at:C:\Users\markmont\ygor\desktop\resources\windows\squirrel\Setup.exe
2015-06-17 11:32:21> Program: Creating release package: C:\Users\markmont\ygor\desktop\releases\Ygor.0.1.2.nupkg
2015-06-17 11:32:21> ReleasePackage: Creating release package: C:\Users\markmont\ygor\desktop\releases\Ygor.0.1.2.nupkg => C:\Users\markmont\ygor\desktop\releases\Ygor-0.1.2-full.nupkg
2015-06-17 11:32:23> ReleasePackage: Extracting dependent packages: []
2015-06-17 11:32:23> ReleasePackage: Removing unnecessary data
2015-06-17 11:32:23> ReleasePackage: No release notes found in C:\Users\markmont\AppData\Local\SquirrelTemp\tempa\Ygor.nuspec
2015-06-17 11:32:33> Program: Building embedded zip file for Setup.exe
2015-06-17 11:38:40> Program: Starting Squirrel Updater: --releasify C:\Users\markmont\ygor\desktop\tmp\Ygor.0.1.2.nupkg --releaseDir C:\Users\markmont\ygor\desktop\releases --loadingGif C:\Users\markmont\ygor\desktop\resources\windows\install-spinner.gif --setupIcon C:\Users\markmont\ygor\desktop\resources\windows\setup-icon.ico
2015-06-17 11:38:40> Program: Bootstrapper EXE found at:C:\Users\markmont\ygor\desktop\resources\windows\squirrel\Setup.exe
2015-06-17 11:38:40> Program: Creating release package: C:\Users\markmont\ygor\desktop\releases\Ygor.0.1.2.nupkg
2015-06-17 11:38:40> ReleasePackage: Creating release package: C:\Users\markmont\ygor\desktop\releases\Ygor.0.1.2.nupkg => C:\Users\markmont\ygor\desktop\releases\Ygor-0.1.2-full.nupkg
2015-06-17 11:38:42> ReleasePackage: Extracting dependent packages: []
2015-06-17 11:38:42> ReleasePackage: Removing unnecessary data
2015-06-17 11:38:42> ReleasePackage: No release notes found in C:\Users\markmont\AppData\Local\SquirrelTemp\tempa\Ygor.nuspec
2015-06-17 11:38:51> Program: Building embedded zip file for Setup.exe
2015-06-17 11:56:45> Program: Starting Squirrel Updater: --releasify C:\Users\markmont\ygor\desktop\tmp\Ygor.0.1.2.nupkg --releaseDir C:\Users\markmont\ygor\desktop\releases --loadingGif C:\Users\markmont\ygor\desktop\resources\windows\install-spinner.gif --setupIcon C:\Users\markmont\ygor\desktop\resources\windows\setup-icon.ico
2015-06-17 11:56:45> Program: Bootstrapper EXE found at:C:\Users\markmont\ygor\desktop\resources\windows\squirrel\Setup.exe
2015-06-17 11:56:45> Program: Creating release package: C:\Users\markmont\ygor\desktop\releases\Ygor.0.1.2.nupkg
2015-06-17 11:56:45> ReleasePackage: Creating release package: C:\Users\markmont\ygor\desktop\releases\Ygor.0.1.2.nupkg => C:\Users\markmont\ygor\desktop\releases\Ygor-0.1.2-full.nupkg
2015-06-17 11:56:47> ReleasePackage: Extracting dependent packages: []
2015-06-17 11:56:47> ReleasePackage: Removing unnecessary data
2015-06-17 11:56:47> ReleasePackage: No release notes found in C:\Users\markmont\AppData\Local\SquirrelTemp\tempa\Ygor.nuspec
2015-06-17 11:56:57> Program: Building embedded zip file for Setup.exe
2015-06-17 12:30:36> Program: Starting Squirrel Updater: --releasify C:\Users\markmont\ygor\desktop\tmp\Ygor.0.1.3.nupkg --releaseDir C:\Users\markmont\ygor\desktop\releases --loadingGif C:\Users\markmont\ygor\desktop\resources\windows\install-spinner.gif --setupIcon C:\Users\markmont\ygor\desktop\resources\windows\setup-icon.ico
2015-06-17 12:30:36> Program: Bootstrapper EXE found at:C:\Users\markmont\ygor\desktop\resources\windows\squirrel\Setup.exe
2015-06-17 12:30:36> Program: Creating release package: C:\Users\markmont\ygor\desktop\releases\Ygor.0.1.3.nupkg
2015-06-17 12:30:36> ReleasePackage: Creating release package: C:\Users\markmont\ygor\desktop\releases\Ygor.0.1.3.nupkg => C:\Users\markmont\ygor\desktop\releases\Ygor-0.1.3-full.nupkg
2015-06-17 12:30:38> ReleasePackage: Extracting dependent packages: []
2015-06-17 12:30:38> ReleasePackage: Removing unnecessary data
2015-06-17 12:30:38> ReleasePackage: No release notes found in C:\Users\markmont\AppData\Local\SquirrelTemp\tempa\Ygor.nuspec
2015-06-17 12:30:47> DeltaPackageBuilder: Extracting C:\Users\markmont\ygor\desktop\releases\Ygor-0.1.2-full.nupkg and C:\Users\markmont\ygor\desktop\releases\Ygor-0.1.3-full.nupkg into C:\Users\markmont\AppData\Local\SquirrelTemp\tempb
2015-06-17 12:30:51> DeltaPackageBuilder: \lib\net45\content_resources_200_percent.pak hasn't changed, writing dummy file
2015-06-17 12:30:51> DeltaPackageBuilder: \lib\net45\content_shell.pak hasn't changed, writing dummy file
2015-06-17 12:30:51> DeltaPackageBuilder: Delta patching C:\Users\markmont\AppData\Local\SquirrelTemp\tempa\lib\net45\d3dcompiler_47.dll => C:\Users\markmont\AppData\Local\SquirrelTemp\tempb\lib\net45\d3dcompiler_47.dll
2015-06-17 12:30:55> DeltaPackageBuilder: Delta patching C:\Users\markmont\AppData\Local\SquirrelTemp\tempa\lib\net45\ffmpegsumo.dll => C:\Users\markmont\AppData\Local\SquirrelTemp\tempb\lib\net45\ffmpegsumo.dll
2015-06-17 12:30:57> DeltaPackageBuilder: \lib\net45\icudtl.dat hasn't changed, writing dummy file
2015-06-17 12:30:57> DeltaPackageBuilder: Delta patching C:\Users\markmont\AppData\Local\SquirrelTemp\tempa\lib\net45\libEGL.dll => C:\Users\markmont\AppData\Local\SquirrelTemp\tempb\lib\net45\libEGL.dll
2015-06-17 12:30:57> DeltaPackageBuilder: Delta patching C:\Users\markmont\AppData\Local\SquirrelTemp\tempa\lib\net45\libGLESv2.dll => C:\Users\markmont\AppData\Local\SquirrelTemp\tempb\lib\net45\libGLESv2.dll
2015-06-17 12:30:58> DeltaPackageBuilder: \lib\net45\LICENSE hasn't changed, writing dummy file
2015-06-17 12:30:58> DeltaPackageBuilder: Delta patching C:\Users\markmont\AppData\Local\SquirrelTemp\tempa\lib\net45\msvcp120.dll => C:\Users\markmont\AppData\Local\SquirrelTemp\tempb\lib\net45\msvcp120.dll
2015-06-17 12:30:58> DeltaPackageBuilder: Delta patching C:\Users\markmont\AppData\Local\SquirrelTemp\tempa\lib\net45\msvcr120.dll => C:\Users\markmont\AppData\Local\SquirrelTemp\tempb\lib\net45\msvcr120.dll
2015-06-17 12:30:59> DeltaPackageBuilder: \lib\net45\natives_blob.bin hasn't changed, writing dummy file
2015-06-17 12:30:59> DeltaPackageBuilder: Delta patching C:\Users\markmont\AppData\Local\SquirrelTemp\tempa\lib\net45\node.dll => C:\Users\markmont\AppData\Local\SquirrelTemp\tempb\lib\net45\node.dll
2015-06-17 12:31:12> DeltaPackageBuilder: Delta patching C:\Users\markmont\AppData\Local\SquirrelTemp\tempa\lib\net45\pdf.dll => C:\Users\markmont\AppData\Local\SquirrelTemp\tempb\lib\net45\pdf.dll
2015-06-17 12:31:24> DeltaPackageBuilder: \lib\net45\snapshot_blob.bin hasn't changed, writing dummy file
2015-06-17 12:31:24> DeltaPackageBuilder: Delta patching C:\Users\markmont\AppData\Local\SquirrelTemp\tempa\lib\net45\squirrel.exe => C:\Users\markmont\AppData\Local\SquirrelTemp\tempb\lib\net45\squirrel.exe
2015-06-17 12:31:26> DeltaPackageBuilder: \lib\net45\ui_resources_200_percent.pak hasn't changed, writing dummy file
2015-06-17 12:31:26> DeltaPackageBuilder: Delta patching C:\Users\markmont\AppData\Local\SquirrelTemp\tempa\lib\net45\vccorlib120.dll => C:\Users\markmont\AppData\Local\SquirrelTemp\tempb\lib\net45\vccorlib120.dll
2015-06-17 12:31:26> DeltaPackageBuilder: Delta patching C:\Users\markmont\AppData\Local\SquirrelTemp\tempa\lib\net45\xinput1_3.dll => C:\Users\markmont\AppData\Local\SquirrelTemp\tempb\lib\net45\xinput1_3.dll
2015-06-17 12:31:26> DeltaPackageBuilder: Delta patching C:\Users\markmont\AppData\Local\SquirrelTemp\tempa\lib\net45\Ygor.exe => C:\Users\markmont\AppData\Local\SquirrelTemp\tempb\lib\net45\Ygor.exe
2015-06-17 12:31:26> DeltaPackageBuilder: We couldn't create a delta for Ygor.exe, attempting to create bsdiff
2015-06-17 12:32:33> DeltaPackageBuilder: \lib\net45\locales\am.pak hasn't changed, writing dummy file
2015-06-17 12:32:33> DeltaPackageBuilder: \lib\net45\locales\ar.pak hasn't changed, writing dummy file
2015-06-17 12:32:34> DeltaPackageBuilder: \lib\net45\locales\bg.pak hasn't changed, writing dummy file
2015-06-17 12:32:34> DeltaPackageBuilder: \lib\net45\locales\bn.pak hasn't changed, writing dummy file
2015-06-17 12:32:34> DeltaPackageBuilder: \lib\net45\locales\ca.pak hasn't changed, writing dummy file
2015-06-17 12:32:34> DeltaPackageBuilder: \lib\net45\locales\cs.pak hasn't changed, writing dummy file
2015-06-17 12:32:34> DeltaPackageBuilder: \lib\net45\locales\da.pak hasn't changed, writing dummy file
2015-06-17 12:32:34> DeltaPackageBuilder: \lib\net45\locales\de.pak hasn't changed, writing dummy file
2015-06-17 12:32:34> DeltaPackageBuilder: \lib\net45\locales\el.pak hasn't changed, writing dummy file
2015-06-17 12:32:34> DeltaPackageBuilder: \lib\net45\locales\en-GB.pak hasn't changed, writing dummy file
2015-06-17 12:32:34> DeltaPackageBuilder: \lib\net45\locales\en-US.pak hasn't changed, writing dummy file
2015-06-17 12:32:34> DeltaPackageBuilder: \lib\net45\locales\es-419.pak hasn't changed, writing dummy file
2015-06-17 12:32:34> DeltaPackageBuilder: \lib\net45\locales\es.pak hasn't changed, writing dummy file
2015-06-17 12:32:34> DeltaPackageBuilder: \lib\net45\locales\et.pak hasn't changed, writing dummy file
2015-06-17 12:32:34> DeltaPackageBuilder: \lib\net45\locales\fa.pak hasn't changed, writing dummy file
2015-06-17 12:32:34> DeltaPackageBuilder: \lib\net45\locales\fi.pak hasn't changed, writing dummy file
2015-06-17 12:32:34> DeltaPackageBuilder: \lib\net45\locales\fil.pak hasn't changed, writing dummy file
2015-06-17 12:32:34> DeltaPackageBuilder: \lib\net45\locales\fr.pak hasn't changed, writing dummy file
2015-06-17 12:32:34> DeltaPackageBuilder: \lib\net45\locales\gu.pak hasn't changed, writing dummy file
2015-06-17 12:32:34> DeltaPackageBuilder: \lib\net45\locales\he.pak hasn't changed, writing dummy file
2015-06-17 12:32:34> DeltaPackageBuilder: \lib\net45\locales\hi.pak hasn't changed, writing dummy file
2015-06-17 12:32:34> DeltaPackageBuilder: \lib\net45\locales\hr.pak hasn't changed, writing dummy file
2015-06-17 12:32:34> DeltaPackageBuilder: \lib\net45\locales\hu.pak hasn't changed, writing dummy file
2015-06-17 12:32:34> DeltaPackageBuilder: \lib\net45\locales\id.pak hasn't changed, writing dummy file
2015-06-17 12:32:34> DeltaPackageBuilder: \lib\net45\locales\it.pak hasn't changed, writing dummy file
2015-06-17 12:32:34> DeltaPackageBuilder: \lib\net45\locales\ja.pak hasn't changed, writing dummy file
2015-06-17 12:32:34> DeltaPackageBuilder: \lib\net45\locales\kn.pak hasn't changed, writing dummy file
2015-06-17 12:32:34> DeltaPackageBuilder: \lib\net45\locales\ko.pak hasn't changed, writing dummy file
2015-06-17 12:32:34> DeltaPackageBuilder: \lib\net45\locales\lt.pak hasn't changed, writing dummy file
2015-06-17 12:32:34> DeltaPackageBuilder: \lib\net45\locales\lv.pak hasn't changed, writing dummy file
2015-06-17 12:32:34> DeltaPackageBuilder: \lib\net45\locales\ml.pak hasn't changed, writing dummy file
2015-06-17 12:32:34> DeltaPackageBuilder: \lib\net45\locales\mr.pak hasn't changed, writing dummy file
2015-06-17 12:32:34> DeltaPackageBuilder: \lib\net45\locales\ms.pak hasn't changed, writing dummy file
2015-06-17 12:32:34> DeltaPackageBuilder: \lib\net45\locales\nb.pak hasn't changed, writing dummy file
2015-06-17 12:32:34> DeltaPackageBuilder: \lib\net45\locales\nl.pak hasn't changed, writing dummy file
2015-06-17 12:32:34> DeltaPackageBuilder: \lib\net45\locales\pl.pak hasn't changed, writing dummy file
2015-06-17 12:32:34> DeltaPackageBuilder: \lib\net45\locales\pt-BR.pak hasn't changed, writing dummy file
2015-06-17 12:32:34> DeltaPackageBuilder: \lib\net45\locales\pt-PT.pak hasn't changed, writing dummy file
2015-06-17 12:32:34> DeltaPackageBuilder: \lib\net45\locales\ro.pak hasn't changed, writing dummy file
2015-06-17 12:32:34> DeltaPackageBuilder: \lib\net45\locales\ru.pak hasn't changed, writing dummy file
2015-06-17 12:32:34> DeltaPackageBuilder: \lib\net45\locales\sk.pak hasn't changed, writing dummy file
2015-06-17 12:32:34> DeltaPackageBuilder: \lib\net45\locales\sl.pak hasn't changed, writing dummy file
2015-06-17 12:32:34> DeltaPackageBuilder: \lib\net45\locales\sr.pak hasn't changed, writing dummy file
2015-06-17 12:32:34> DeltaPackageBuilder: \lib\net45\locales\sv.pak hasn't changed, writing dummy file
2015-06-17 12:32:34> DeltaPackageBuilder: \lib\net45\locales\sw.pak hasn't changed, writing dummy file
2015-06-17 12:32:34> DeltaPackageBuilder: \lib\net45\locales\ta.pak hasn't changed, writing dummy file
2015-06-17 12:32:34> DeltaPackageBuilder: \lib\net45\locales\te.pak hasn't changed, writing dummy file
2015-06-17 12:32:34> DeltaPackageBuilder: \lib\net45\locales\th.pak hasn't changed, writing dummy file
2015-06-17 12:32:34> DeltaPackageBuilder: \lib\net45\locales\tr.pak hasn't changed, writing dummy file
2015-06-17 12:32:34> DeltaPackageBuilder: \lib\net45\locales\uk.pak hasn't changed, writing dummy file
2015-06-17 12:32:34> DeltaPackageBuilder: \lib\net45\locales\vi.pak hasn't changed, writing dummy file
2015-06-17 12:32:34> DeltaPackageBuilder: \lib\net45\locales\zh-CN.pak hasn't changed, writing dummy file
2015-06-17 12:32:34> DeltaPackageBuilder: \lib\net45\locales\zh-TW.pak hasn't changed, writing dummy file
2015-06-17 12:32:34> DeltaPackageBuilder: Delta patching C:\Users\markmont\AppData\Local\SquirrelTemp\tempa\lib\net45\resources\app.asar => C:\Users\markmont\AppData\Local\SquirrelTemp\tempb\lib\net45\resources\app.asar
2015-06-17 12:32:38> DeltaPackageBuilder: \lib\net45\resources\atom.asar hasn't changed, writing dummy file
2015-06-17 12:32:38> DeltaPackageBuilder: \lib\net45\resources\default_app\default_app.js hasn't changed, writing dummy file
2015-06-17 12:32:38> DeltaPackageBuilder: \lib\net45\resources\default_app\index.html hasn't changed, writing dummy file
2015-06-17 12:32:38> DeltaPackageBuilder: \lib\net45\resources\default_app\main.js hasn't changed, writing dummy file
2015-06-17 12:32:38> DeltaPackageBuilder: \lib\net45\resources\default_app\package.json hasn't changed, writing dummy file
2015-06-17 12:32:38> Program: Building embedded zip file for Setup.exe
2015-06-17 12:52:27> Program: Starting Squirrel Updater: --releasify C:\Users\markmont\ygor\desktop\tmp\Ygor.0.1.2.nupkg --releaseDir C:\Users\markmont\ygor\desktop\releases --loadingGif C:\Users\markmont\ygor\desktop\resources\windows\install-spinner.gif --setupIcon C:\Users\markmont\ygor\desktop\resources\windows\setup-icon.ico
2015-06-17 12:52:27> Program: Bootstrapper EXE found at:C:\Users\markmont\ygor\desktop\resources\windows\squirrel\Setup.exe
2015-06-17 12:52:27> Program: Creating release package: C:\Users\markmont\ygor\desktop\releases\Ygor.0.1.2.nupkg
2015-06-17 12:52:27> ReleasePackage: Creating release package: C:\Users\markmont\ygor\desktop\releases\Ygor.0.1.2.nupkg => C:\Users\markmont\ygor\desktop\releases\Ygor-0.1.2-full.nupkg
2015-06-17 12:52:30> ReleasePackage: Extracting dependent packages: []
2015-06-17 12:52:30> ReleasePackage: Removing unnecessary data
2015-06-17 12:52:30> ReleasePackage: No release notes found in C:\Users\markmont\AppData\Local\SquirrelTemp\tempa\Ygor.nuspec
2015-06-17 12:52:39> Program: Building embedded zip file for Setup.exe
2015-06-17 13:01:29> Program: Starting Squirrel Updater: --releasify C:\Users\markmont\ygor\desktop\tmp\Ygor.0.1.3.nupkg --releaseDir C:\Users\markmont\ygor\desktop\releases --loadingGif C:\Users\markmont\ygor\desktop\resources\windows\install-spinner.gif --setupIcon C:\Users\markmont\ygor\desktop\resources\windows\setup-icon.ico
2015-06-17 13:01:29> Program: Bootstrapper EXE found at:C:\Users\markmont\ygor\desktop\resources\windows\squirrel\Setup.exe
2015-06-17 13:01:29> Program: Creating release package: C:\Users\markmont\ygor\desktop\releases\Ygor.0.1.3.nupkg
2015-06-17 13:01:29> ReleasePackage: Creating release package: C:\Users\markmont\ygor\desktop\releases\Ygor.0.1.3.nupkg => C:\Users\markmont\ygor\desktop\releases\Ygor-0.1.3-full.nupkg
2015-06-17 13:01:32> ReleasePackage: Extracting dependent packages: []
2015-06-17 13:01:32> ReleasePackage: Removing unnecessary data
2015-06-17 13:01:32> ReleasePackage: No release notes found in C:\Users\markmont\AppData\Local\SquirrelTemp\tempa\Ygor.nuspec
2015-06-17 13:01:41> DeltaPackageBuilder: Extracting C:\Users\markmont\ygor\desktop\releases\Ygor-0.1.2-full.nupkg and C:\Users\markmont\ygor\desktop\releases\Ygor-0.1.3-full.nupkg into C:\Users\markmont\AppData\Local\SquirrelTemp\tempb
2015-06-17 13:01:45> DeltaPackageBuilder: \lib\net45\content_resources_200_percent.pak hasn't changed, writing dummy file
2015-06-17 13:01:45> DeltaPackageBuilder: \lib\net45\content_shell.pak hasn't changed, writing dummy file
2015-06-17 13:01:45> DeltaPackageBuilder: Delta patching C:\Users\markmont\AppData\Local\SquirrelTemp\tempa\lib\net45\d3dcompiler_47.dll => C:\Users\markmont\AppData\Local\SquirrelTemp\tempb\lib\net45\d3dcompiler_47.dll
2015-06-17 13:01:49> DeltaPackageBuilder: Delta patching C:\Users\markmont\AppData\Local\SquirrelTemp\tempa\lib\net45\ffmpegsumo.dll => C:\Users\markmont\AppData\Local\SquirrelTemp\tempb\lib\net45\ffmpegsumo.dll
2015-06-17 13:01:50> DeltaPackageBuilder: \lib\net45\icudtl.dat hasn't changed, writing dummy file
2015-06-17 13:01:50> DeltaPackageBuilder: Delta patching C:\Users\markmont\AppData\Local\SquirrelTemp\tempa\lib\net45\libEGL.dll => C:\Users\markmont\AppData\Local\SquirrelTemp\tempb\lib\net45\libEGL.dll
2015-06-17 13:01:50> DeltaPackageBuilder: Delta patching C:\Users\markmont\AppData\Local\SquirrelTemp\tempa\lib\net45\libGLESv2.dll => C:\Users\markmont\AppData\Local\SquirrelTemp\tempb\lib\net45\libGLESv2.dll
2015-06-17 13:01:52> DeltaPackageBuilder: \lib\net45\LICENSE hasn't changed, writing dummy file
2015-06-17 13:01:52> DeltaPackageBuilder: Delta patching C:\Users\markmont\AppData\Local\SquirrelTemp\tempa\lib\net45\msvcp120.dll => C:\Users\markmont\AppData\Local\SquirrelTemp\tempb\lib\net45\msvcp120.dll
2015-06-17 13:01:52> DeltaPackageBuilder: Delta patching C:\Users\markmont\AppData\Local\SquirrelTemp\tempa\lib\net45\msvcr120.dll => C:\Users\markmont\AppData\Local\SquirrelTemp\tempb\lib\net45\msvcr120.dll
2015-06-17 13:01:53> DeltaPackageBuilder: \lib\net45\natives_blob.bin hasn't changed, writing dummy file
2015-06-17 13:01:53> DeltaPackageBuilder: Delta patching C:\Users\markmont\AppData\Local\SquirrelTemp\tempa\lib\net45\node.dll => C:\Users\markmont\AppData\Local\SquirrelTemp\tempb\lib\net45\node.dll
2015-06-17 13:02:06> DeltaPackageBuilder: Delta patching C:\Users\markmont\AppData\Local\SquirrelTemp\tempa\lib\net45\pdf.dll => C:\Users\markmont\AppData\Local\SquirrelTemp\tempb\lib\net45\pdf.dll
2015-06-17 13:02:18> DeltaPackageBuilder: \lib\net45\snapshot_blob.bin hasn't changed, writing dummy file
2015-06-17 13:02:18> DeltaPackageBuilder: Delta patching C:\Users\markmont\AppData\Local\SquirrelTemp\tempa\lib\net45\squirrel.exe => C:\Users\markmont\AppData\Local\SquirrelTemp\tempb\lib\net45\squirrel.exe
2015-06-17 13:02:20> DeltaPackageBuilder: \lib\net45\ui_resources_200_percent.pak hasn't changed, writing dummy file
2015-06-17 13:02:20> DeltaPackageBuilder: Delta patching C:\Users\markmont\AppData\Local\SquirrelTemp\tempa\lib\net45\vccorlib120.dll => C:\Users\markmont\AppData\Local\SquirrelTemp\tempb\lib\net45\vccorlib120.dll
2015-06-17 13:02:21> DeltaPackageBuilder: Delta patching C:\Users\markmont\AppData\Local\SquirrelTemp\tempa\lib\net45\xinput1_3.dll => C:\Users\markmont\AppData\Local\SquirrelTemp\tempb\lib\net45\xinput1_3.dll
2015-06-17 13:02:21> DeltaPackageBuilder: Delta patching C:\Users\markmont\AppData\Local\SquirrelTemp\tempa\lib\net45\Ygor.exe => C:\Users\markmont\AppData\Local\SquirrelTemp\tempb\lib\net45\Ygor.exe
2015-06-17 13:02:21> DeltaPackageBuilder: We couldn't create a delta for Ygor.exe, attempting to create bsdiff
2015-06-17 13:03:30> DeltaPackageBuilder: \lib\net45\locales\am.pak hasn't changed, writing dummy file
2015-06-17 13:03:30> DeltaPackageBuilder: \lib\net45\locales\ar.pak hasn't changed, writing dummy file
2015-06-17 13:03:30> DeltaPackageBuilder: \lib\net45\locales\bg.pak hasn't changed, writing dummy file
2015-06-17 13:03:30> DeltaPackageBuilder: \lib\net45\locales\bn.pak hasn't changed, writing dummy file
2015-06-17 13:03:30> DeltaPackageBuilder: \lib\net45\locales\ca.pak hasn't changed, writing dummy file
2015-06-17 13:03:30> DeltaPackageBuilder: \lib\net45\locales\cs.pak hasn't changed, writing dummy file
2015-06-17 13:03:30> DeltaPackageBuilder: \lib\net45\locales\da.pak hasn't changed, writing dummy file
2015-06-17 13:03:30> DeltaPackageBuilder: \lib\net45\locales\de.pak hasn't changed, writing dummy file
2015-06-17 13:03:30> DeltaPackageBuilder: \lib\net45\locales\el.pak hasn't changed, writing dummy file
2015-06-17 13:03:30> DeltaPackageBuilder: \lib\net45\locales\en-GB.pak hasn't changed, writing dummy file
2015-06-17 13:03:30> DeltaPackageBuilder: \lib\net45\locales\en-US.pak hasn't changed, writing dummy file
2015-06-17 13:03:30> DeltaPackageBuilder: \lib\net45\locales\es-419.pak hasn't changed, writing dummy file
2015-06-17 13:03:30> DeltaPackageBuilder: \lib\net45\locales\es.pak hasn't changed, writing dummy file
2015-06-17 13:03:30> DeltaPackageBuilder: \lib\net45\locales\et.pak hasn't changed, writing dummy file
2015-06-17 13:03:30> DeltaPackageBuilder: \lib\net45\locales\fa.pak hasn't changed, writing dummy file
2015-06-17 13:03:30> DeltaPackageBuilder: \lib\net45\locales\fi.pak hasn't changed, writing dummy file
2015-06-17 13:03:30> DeltaPackageBuilder: \lib\net45\locales\fil.pak hasn't changed, writing dummy file
2015-06-17 13:03:30> DeltaPackageBuilder: \lib\net45\locales\fr.pak hasn't changed, writing dummy file
2015-06-17 13:03:30> DeltaPackageBuilder: \lib\net45\locales\gu.pak hasn't changed, writing dummy file
2015-06-17 13:03:30> DeltaPackageBuilder: \lib\net45\locales\he.pak hasn't changed, writing dummy file
2015-06-17 13:03:30> DeltaPackageBuilder: \lib\net45\locales\hi.pak hasn't changed, writing dummy file
2015-06-17 13:03:30> DeltaPackageBuilder: \lib\net45\locales\hr.pak hasn't changed, writing dummy file
2015-06-17 13:03:30> DeltaPackageBuilder: \lib\net45\locales\hu.pak hasn't changed, writing dummy file
2015-06-17 13:03:30> DeltaPackageBuilder: \lib\net45\locales\id.pak hasn't changed, writing dummy file
2015-06-17 13:03:30> DeltaPackageBuilder: \lib\net45\locales\it.pak hasn't changed, writing dummy file
2015-06-17 13:03:30> DeltaPackageBuilder: \lib\net45\locales\ja.pak hasn't changed, writing dummy file
2015-06-17 13:03:30> DeltaPackageBuilder: \lib\net45\locales\kn.pak hasn't changed, writing dummy file
2015-06-17 13:03:30> DeltaPackageBuilder: \lib\net45\locales\ko.pak hasn't changed, writing dummy file
2015-06-17 13:03:30> DeltaPackageBuilder: \lib\net45\locales\lt.pak hasn't changed, writing dummy file
2015-06-17 13:03:30> DeltaPackageBuilder: \lib\net45\locales\lv.pak hasn't changed, writing dummy file
2015-06-17 13:03:30> DeltaPackageBuilder: \lib\net45\locales\ml.pak hasn't changed, writing dummy file
2015-06-17 13:03:30> DeltaPackageBuilder: \lib\net45\locales\mr.pak hasn't changed, writing dummy file
2015-06-17 13:03:30> DeltaPackageBuilder: \lib\net45\locales\ms.pak hasn't changed, writing dummy file
2015-06-17 13:03:30> DeltaPackageBuilder: \lib\net45\locales\nb.pak hasn't changed, writing dummy file
2015-06-17 13:03:30> DeltaPackageBuilder: \lib\net45\locales\nl.pak hasn't changed, writing dummy file
2015-06-17 13:03:30> DeltaPackageBuilder: \lib\net45\locales\pl.pak hasn't changed, writing dummy file
2015-06-17 13:03:30> DeltaPackageBuilder: \lib\net45\locales\pt-BR.pak hasn't changed, writing dummy file
2015-06-17 13:03:30> DeltaPackageBuilder: \lib\net45\locales\pt-PT.pak hasn't changed, writing dummy file
2015-06-17 13:03:30> DeltaPackageBuilder: \lib\net45\locales\ro.pak hasn't changed, writing dummy file
2015-06-17 13:03:30> DeltaPackageBuilder: \lib\net45\locales\ru.pak hasn't changed, writing dummy file
2015-06-17 13:03:30> DeltaPackageBuilder: \lib\net45\locales\sk.pak hasn't changed, writing dummy file
2015-06-17 13:03:30> DeltaPackageBuilder: \lib\net45\locales\sl.pak hasn't changed, writing dummy file
2015-06-17 13:03:30> DeltaPackageBuilder: \lib\net45\locales\sr.pak hasn't changed, writing dummy file
2015-06-17 13:03:30> DeltaPackageBuilder: \lib\net45\locales\sv.pak hasn't changed, writing dummy file
2015-06-17 13:03:30> DeltaPackageBuilder: \lib\net45\locales\sw.pak hasn't changed, writing dummy file
2015-06-17 13:03:30> DeltaPackageBuilder: \lib\net45\locales\ta.pak hasn't changed, writing dummy file
2015-06-17 13:03:30> DeltaPackageBuilder: \lib\net45\locales\te.pak hasn't changed, writing dummy file
2015-06-17 13:03:30> DeltaPackageBuilder: \lib\net45\locales\th.pak hasn't changed, writing dummy file
2015-06-17 13:03:30> DeltaPackageBuilder: \lib\net45\locales\tr.pak hasn't changed, writing dummy file
2015-06-17 13:03:30> DeltaPackageBuilder: \lib\net45\locales\uk.pak hasn't changed, writing dummy file
2015-06-17 13:03:30> DeltaPackageBuilder: \lib\net45\locales\vi.pak hasn't changed, writing dummy file
2015-06-17 13:03:30> DeltaPackageBuilder: \lib\net45\locales\zh-CN.pak hasn't changed, writing dummy file
2015-06-17 13:03:30> DeltaPackageBuilder: \lib\net45\locales\zh-TW.pak hasn't changed, writing dummy file
2015-06-17 13:03:30> DeltaPackageBuilder: Delta patching C:\Users\markmont\AppData\Local\SquirrelTemp\tempa\lib\net45\resources\app.asar => C:\Users\markmont\AppData\Local\SquirrelTemp\tempb\lib\net45\resources\app.asar
2015-06-17 13:03:35> DeltaPackageBuilder: \lib\net45\resources\atom.asar hasn't changed, writing dummy file
2015-06-17 13:03:35> DeltaPackageBuilder: \lib\net45\resources\default_app\default_app.js hasn't changed, writing dummy file
2015-06-17 13:03:35> DeltaPackageBuilder: \lib\net45\resources\default_app\index.html hasn't changed, writing dummy file
2015-06-17 13:03:35> DeltaPackageBuilder: \lib\net45\resources\default_app\main.js hasn't changed, writing dummy file
2015-06-17 13:03:35> DeltaPackageBuilder: \lib\net45\resources\default_app\package.json hasn't changed, writing dummy file
2015-06-17 13:03:36> Program: Building embedded zip file for Setup.exe
2015-06-17 13:40:08> Program: Starting Squirrel Updater: --releasify C:\Users\markmont\ygor\desktop\tmp\Ygor.0.1.3.nupkg --releaseDir C:\Users\markmont\ygor\desktop\releases --loadingGif C:\Users\markmont\ygor\desktop\resources\windows\install-spinner.gif --setupIcon C:\Users\markmont\ygor\desktop\resources\windows\setup-icon.ico
2015-06-17 13:40:08> Program: Bootstrapper EXE found at:C:\Users\markmont\ygor\desktop\resources\windows\squirrel\Setup.exe
2015-06-17 13:40:08> Program: Creating release package: C:\Users\markmont\ygor\desktop\releases\Ygor.0.1.3.nupkg
2015-06-17 13:40:08> ReleasePackage: Creating release package: C:\Users\markmont\ygor\desktop\releases\Ygor.0.1.3.nupkg => C:\Users\markmont\ygor\desktop\releases\Ygor-0.1.3-full.nupkg
2015-06-17 13:40:10> ReleasePackage: Extracting dependent packages: []
2015-06-17 13:40:10> ReleasePackage: Removing unnecessary data
2015-06-17 13:40:10> ReleasePackage: No release notes found in C:\Users\markmont\AppData\Local\SquirrelTemp\tempa\Ygor.nuspec
2015-06-17 13:40:19> DeltaPackageBuilder: Extracting C:\Users\markmont\ygor\desktop\releases\Ygor-0.1.2-full.nupkg and C:\Users\markmont\ygor\desktop\releases\Ygor-0.1.3-full.nupkg into C:\Users\markmont\AppData\Local\SquirrelTemp\tempb
2015-06-17 13:40:23> DeltaPackageBuilder: \lib\net45\content_resources_200_percent.pak hasn't changed, writing dummy file
2015-06-17 13:40:23> DeltaPackageBuilder: \lib\net45\content_shell.pak hasn't changed, writing dummy file
2015-06-17 13:40:23> DeltaPackageBuilder: Delta patching C:\Users\markmont\AppData\Local\SquirrelTemp\tempa\lib\net45\d3dcompiler_47.dll => C:\Users\markmont\AppData\Local\SquirrelTemp\tempb\lib\net45\d3dcompiler_47.dll
2015-06-17 13:40:27> DeltaPackageBuilder: Delta patching C:\Users\markmont\AppData\Local\SquirrelTemp\tempa\lib\net45\ffmpegsumo.dll => C:\Users\markmont\AppData\Local\SquirrelTemp\tempb\lib\net45\ffmpegsumo.dll
2015-06-17 13:40:28> DeltaPackageBuilder: \lib\net45\icudtl.dat hasn't changed, writing dummy file
2015-06-17 13:40:28> DeltaPackageBuilder: Delta patching C:\Users\markmont\AppData\Local\SquirrelTemp\tempa\lib\net45\libEGL.dll => C:\Users\markmont\AppData\Local\SquirrelTemp\tempb\lib\net45\libEGL.dll
2015-06-17 13:40:28> DeltaPackageBuilder: Delta patching C:\Users\markmont\AppData\Local\SquirrelTemp\tempa\lib\net45\libGLESv2.dll => C:\Users\markmont\AppData\Local\SquirrelTemp\tempb\lib\net45\libGLESv2.dll
2015-06-17 13:40:30> DeltaPackageBuilder: \lib\net45\LICENSE hasn't changed, writing dummy file
2015-06-17 13:40:30> DeltaPackageBuilder: Delta patching C:\Users\markmont\AppData\Local\SquirrelTemp\tempa\lib\net45\msvcp120.dll => C:\Users\markmont\AppData\Local\SquirrelTemp\tempb\lib\net45\msvcp120.dll
2015-06-17 13:40:30> DeltaPackageBuilder: Delta patching C:\Users\markmont\AppData\Local\SquirrelTemp\tempa\lib\net45\msvcr120.dll => C:\Users\markmont\AppData\Local\SquirrelTemp\tempb\lib\net45\msvcr120.dll
2015-06-17 13:40:31> DeltaPackageBuilder: \lib\net45\natives_blob.bin hasn't changed, writing dummy file
2015-06-17 13:40:31> DeltaPackageBuilder: Delta patching C:\Users\markmont\AppData\Local\SquirrelTemp\tempa\lib\net45\node.dll => C:\Users\markmont\AppData\Local\SquirrelTemp\tempb\lib\net45\node.dll
2015-06-17 13:40:44> DeltaPackageBuilder: Delta patching C:\Users\markmont\AppData\Local\SquirrelTemp\tempa\lib\net45\pdf.dll => C:\Users\markmont\AppData\Local\SquirrelTemp\tempb\lib\net45\pdf.dll
2015-06-17 13:40:56> DeltaPackageBuilder: \lib\net45\snapshot_blob.bin hasn't changed, writing dummy file
2015-06-17 13:40:56> DeltaPackageBuilder: Delta patching C:\Users\markmont\AppData\Local\SquirrelTemp\tempa\lib\net45\squirrel.exe => C:\Users\markmont\AppData\Local\SquirrelTemp\tempb\lib\net45\squirrel.exe
2015-06-17 13:40:58> DeltaPackageBuilder: \lib\net45\ui_resources_200_percent.pak hasn't changed, writing dummy file
2015-06-17 13:40:58> DeltaPackageBuilder: Delta patching C:\Users\markmont\AppData\Local\SquirrelTemp\tempa\lib\net45\vccorlib120.dll => C:\Users\markmont\AppData\Local\SquirrelTemp\tempb\lib\net45\vccorlib120.dll
2015-06-17 13:40:58> DeltaPackageBuilder: Delta patching C:\Users\markmont\AppData\Local\SquirrelTemp\tempa\lib\net45\xinput1_3.dll => C:\Users\markmont\AppData\Local\SquirrelTemp\tempb\lib\net45\xinput1_3.dll
2015-06-17 13:40:58> DeltaPackageBuilder: Delta patching C:\Users\markmont\AppData\Local\SquirrelTemp\tempa\lib\net45\Ygor.exe => C:\Users\markmont\AppData\Local\SquirrelTemp\tempb\lib\net45\Ygor.exe
2015-06-17 13:40:58> DeltaPackageBuilder: We couldn't create a delta for Ygor.exe, attempting to create bsdiff
2015-06-17 13:42:03> DeltaPackageBuilder: \lib\net45\locales\am.pak hasn't changed, writing dummy file
2015-06-17 13:42:03> DeltaPackageBuilder: \lib\net45\locales\ar.pak hasn't changed, writing dummy file
2015-06-17 13:42:03> DeltaPackageBuilder: \lib\net45\locales\bg.pak hasn't changed, writing dummy file
2015-06-17 13:42:03> DeltaPackageBuilder: \lib\net45\locales\bn.pak hasn't changed, writing dummy file
2015-06-17 13:42:03> DeltaPackageBuilder: \lib\net45\locales\ca.pak hasn't changed, writing dummy file
2015-06-17 13:42:03> DeltaPackageBuilder: \lib\net45\locales\cs.pak hasn't changed, writing dummy file
2015-06-17 13:42:03> DeltaPackageBuilder: \lib\net45\locales\da.pak hasn't changed, writing dummy file
2015-06-17 13:42:03> DeltaPackageBuilder: \lib\net45\locales\de.pak hasn't changed, writing dummy file
2015-06-17 13:42:03> DeltaPackageBuilder: \lib\net45\locales\el.pak hasn't changed, writing dummy file
2015-06-17 13:42:03> DeltaPackageBuilder: \lib\net45\locales\en-GB.pak hasn't changed, writing dummy file
2015-06-17 13:42:03> DeltaPackageBuilder: \lib\net45\locales\en-US.pak hasn't changed, writing dummy file
2015-06-17 13:42:03> DeltaPackageBuilder: \lib\net45\locales\es-419.pak hasn't changed, writing dummy file
2015-06-17 13:42:03> DeltaPackageBuilder: \lib\net45\locales\es.pak hasn't changed, writing dummy file
2015-06-17 13:42:03> DeltaPackageBuilder: \lib\net45\locales\et.pak hasn't changed, writing dummy file
2015-06-17 13:42:03> DeltaPackageBuilder: \lib\net45\locales\fa.pak hasn't changed, writing dummy file
2015-06-17 13:42:03> DeltaPackageBuilder: \lib\net45\locales\fi.pak hasn't changed, writing dummy file
2015-06-17 13:42:03> DeltaPackageBuilder: \lib\net45\locales\fil.pak hasn't changed, writing dummy file
2015-06-17 13:42:03> DeltaPackageBuilder: \lib\net45\locales\fr.pak hasn't changed, writing dummy file
2015-06-17 13:42:03> DeltaPackageBuilder: \lib\net45\locales\gu.pak hasn't changed, writing dummy file
2015-06-17 13:42:03> DeltaPackageBuilder: \lib\net45\locales\he.pak hasn't changed, writing dummy file
2015-06-17 13:42:03> DeltaPackageBuilder: \lib\net45\locales\hi.pak hasn't changed, writing dummy file
2015-06-17 13:42:03> DeltaPackageBuilder: \lib\net45\locales\hr.pak hasn't changed, writing dummy file
2015-06-17 13:42:03> DeltaPackageBuilder: \lib\net45\locales\hu.pak hasn't changed, writing dummy file
2015-06-17 13:42:03> DeltaPackageBuilder: \lib\net45\locales\id.pak hasn't changed, writing dummy file
2015-06-17 13:42:03> DeltaPackageBuilder: \lib\net45\locales\it.pak hasn't changed, writing dummy file
2015-06-17 13:42:03> DeltaPackageBuilder: \lib\net45\locales\ja.pak hasn't changed, writing dummy file
2015-06-17 13:42:03> DeltaPackageBuilder: \lib\net45\locales\kn.pak hasn't changed, writing dummy file
2015-06-17 13:42:03> DeltaPackageBuilder: \lib\net45\locales\ko.pak hasn't changed, writing dummy file
2015-06-17 13:42:03> DeltaPackageBuilder: \lib\net45\locales\lt.pak hasn't changed, writing dummy file
2015-06-17 13:42:03> DeltaPackageBuilder: \lib\net45\locales\lv.pak hasn't changed, writing dummy file
2015-06-17 13:42:03> DeltaPackageBuilder: \lib\net45\locales\ml.pak hasn't changed, writing dummy file
2015-06-17 13:42:03> DeltaPackageBuilder: \lib\net45\locales\mr.pak hasn't changed, writing dummy file
2015-06-17 13:42:03> DeltaPackageBuilder: \lib\net45\locales\ms.pak hasn't changed, writing dummy file
2015-06-17 13:42:03> DeltaPackageBuilder: \lib\net45\locales\nb.pak hasn't changed, writing dummy file
2015-06-17 13:42:03> DeltaPackageBuilder: \lib\net45\locales\nl.pak hasn't changed, writing dummy file
2015-06-17 13:42:03> DeltaPackageBuilder: \lib\net45\locales\pl.pak hasn't changed, writing dummy file
2015-06-17 13:42:03> DeltaPackageBuilder: \lib\net45\locales\pt-BR.pak hasn't changed, writing dummy file
2015-06-17 13:42:03> DeltaPackageBuilder: \lib\net45\locales\pt-PT.pak hasn't changed, writing dummy file
2015-06-17 13:42:03> DeltaPackageBuilder: \lib\net45\locales\ro.pak hasn't changed, writing dummy file
2015-06-17 13:42:03> DeltaPackageBuilder: \lib\net45\locales\ru.pak hasn't changed, writing dummy file
2015-06-17 13:42:03> DeltaPackageBuilder: \lib\net45\locales\sk.pak hasn't changed, writing dummy file
2015-06-17 13:42:03> DeltaPackageBuilder: \lib\net45\locales\sl.pak hasn't changed, writing dummy file
2015-06-17 13:42:03> DeltaPackageBuilder: \lib\net45\locales\sr.pak hasn't changed, writing dummy file
2015-06-17 13:42:03> DeltaPackageBuilder: \lib\net45\locales\sv.pak hasn't changed, writing dummy file
2015-06-17 13:42:03> DeltaPackageBuilder: \lib\net45\locales\sw.pak hasn't changed, writing dummy file
2015-06-17 13:42:03> DeltaPackageBuilder: \lib\net45\locales\ta.pak hasn't changed, writing dummy file
2015-06-17 13:42:03> DeltaPackageBuilder: \lib\net45\locales\te.pak hasn't changed, writing dummy file
2015-06-17 13:42:03> DeltaPackageBuilder: \lib\net45\locales\th.pak hasn't changed, writing dummy file
2015-06-17 13:42:03> DeltaPackageBuilder: \lib\net45\locales\tr.pak hasn't changed, writing dummy file
2015-06-17 13:42:03> DeltaPackageBuilder: \lib\net45\locales\uk.pak hasn't changed, writing dummy file
2015-06-17 13:42:03> DeltaPackageBuilder: \lib\net45\locales\vi.pak hasn't changed, writing dummy file
2015-06-17 13:42:03> DeltaPackageBuilder: \lib\net45\locales\zh-CN.pak hasn't changed, writing dummy file
2015-06-17 13:42:03> DeltaPackageBuilder: \lib\net45\locales\zh-TW.pak hasn't changed, writing dummy file
2015-06-17 13:42:03> DeltaPackageBuilder: Delta patching C:\Users\markmont\AppData\Local\SquirrelTemp\tempa\lib\net45\resources\app.asar => C:\Users\markmont\AppData\Local\SquirrelTemp\tempb\lib\net45\resources\app.asar
2015-06-17 13:42:08> DeltaPackageBuilder: \lib\net45\resources\atom.asar hasn't changed, writing dummy file
2015-06-17 13:42:08> DeltaPackageBuilder: \lib\net45\resources\default_app\default_app.js hasn't changed, writing dummy file
2015-06-17 13:42:08> DeltaPackageBuilder: \lib\net45\resources\default_app\index.html hasn't changed, writing dummy file
2015-06-17 13:42:08> DeltaPackageBuilder: \lib\net45\resources\default_app\main.js hasn't changed, writing dummy file
2015-06-17 13:42:08> DeltaPackageBuilder: \lib\net45\resources\default_app\package.json hasn't changed, writing dummy file
2015-06-17 13:42:08> Program: Building embedded zip file for Setup.exe
